<?xml version="1.0" encoding="UTF-8"?>
<!-- Generated by org.testng.reporters.JUnitXMLReporter -->
<testsuite ignored="0" hostname="ABHI2981" failures="1" tests="1" name="Test" time="19.636" errors="0" timestamp="2026-02-24T13:35:23 IST">
  <testcase classname="com.OrangeHRM.testcases.TC_test" name="Login" time="7.7">
    <failure type="java.lang.AssertionError" message="expected [true] but found [false]">
      <![CDATA[java.lang.AssertionError: expected [true] but found [false]
at com.OrangeHRM.testcases.TC_test.Login(TC_test.java:41)
at java.base/java.util.ArrayList.forEach(ArrayList.java:1597)
... Removed 29 stack frames]]>
    </failure>
  </testcase> <!-- Login -->
</testsuite> <!-- Test -->
